<?xml version="1.0" encoding="UTF-8"?>
<test-admin-users>
    <role rolename="admin"/>
    <user username="ChrisL" password="abc123" roles="admin"/>
</test-admin-users>